<?xml version="1.0" encoding="UTF-8"?>
<testng-results skipped="0" failed="0" ignored="0" total="1" passed="1">
  <reporter-output>
  </reporter-output>
  <suite name="Default suite" duration-ms="3977" started-at="2021-04-23T22:23:21Z" finished-at="2021-04-23T22:23:25Z">
    <groups>
    </groups>
    <test name="Default test" duration-ms="3977" started-at="2021-04-23T22:23:21Z" finished-at="2021-04-23T22:23:25Z">
      <class name="test.LoginTest">
        <test-method status="PASS" signature="vaidUsernameShouldBeAbleToLogin()[pri:0, instance:test.LoginTest@2ea6137]" name="vaidUsernameShouldBeAbleToLogin" duration-ms="3961" started-at="2021-04-23T17:23:21Z" finished-at="2021-04-23T17:23:25Z">
          <reporter-output>
          </reporter-output>
        </test-method> <!-- vaidUsernameShouldBeAbleToLogin -->
      </class> <!-- test.LoginTest -->
    </test> <!-- Default test -->
  </suite> <!-- Default suite -->
</testng-results>
